<?xml version="1.0" encoding="UTF-8"?>
<!-- Generated by org.testng.reporters.JUnitXMLReporter -->
<testsuite hostname="LAPTOP-TVJ0FV6G" ignored="27" name="Test" tests="10" failures="9" timestamp="2023-01-23T16:14:45 IST" time="11.233" errors="0">
  <testcase name="viewDropDown" time="1.186" classname="digital_Downloads.TC_004"/>
  <testcase name="clickOnProduct" time="0.003" classname="digital_Downloads.TC_005">
    <failure type="java.lang.NullPointerException">
      <![CDATA[java.lang.NullPointerException
at org.openqa.selenium.support.pagefactory.DefaultElementLocator.findElement(DefaultElementLocator.java:69)
at org.openqa.selenium.support.pagefactory.internal.LocatingElementHandler.invoke(LocatingElementHandler.java:38)
at com.sun.proxy.$Proxy11.click(Unknown Source)
at digital_Downloads.TC_005.clickOnProduct(TC_005.java:17)
at java.util.ArrayList.forEach(ArrayList.java:1257)
... Removed 27 stack frames]]>
    </failure>
  </testcase> <!-- clickOnProduct -->
  <testcase name="wishListButton" time="0.002" classname="digital_Downloads.TC_006">
    <failure type="java.lang.NullPointerException">
      <![CDATA[java.lang.NullPointerException
at org.openqa.selenium.support.pagefactory.DefaultElementLocator.findElement(DefaultElementLocator.java:69)
at org.openqa.selenium.support.pagefactory.internal.LocatingElementHandler.invoke(LocatingElementHandler.java:38)
at com.sun.proxy.$Proxy11.click(Unknown Source)
at digital_Downloads.TC_006.wishListButton(TC_006.java:19)
at java.util.ArrayList.forEach(ArrayList.java:1257)
... Removed 27 stack frames]]>
    </failure>
  </testcase> <!-- wishListButton -->
  <testcase name="addToCartButton" time="0.004" classname="digital_Downloads.TC_007">
    <failure type="java.lang.NullPointerException">
      <![CDATA[java.lang.NullPointerException
at org.openqa.selenium.support.pagefactory.DefaultElementLocator.findElement(DefaultElementLocator.java:69)
at org.openqa.selenium.support.pagefactory.internal.LocatingElementHandler.invoke(LocatingElementHandler.java:38)
at com.sun.proxy.$Proxy11.click(Unknown Source)
at digital_Downloads.TC_007.addToCartButton(TC_007.java:19)
at java.util.ArrayList.forEach(ArrayList.java:1257)
... Removed 27 stack frames]]>
    </failure>
  </testcase> <!-- addToCartButton -->
  <testcase name="shoppingcartButton" time="0.007" classname="digital_Downloads.TC_008">
    <failure type="java.lang.NullPointerException">
      <![CDATA[java.lang.NullPointerException
at org.openqa.selenium.support.pagefactory.DefaultElementLocator.findElement(DefaultElementLocator.java:69)
at org.openqa.selenium.support.pagefactory.internal.LocatingElementHandler.invoke(LocatingElementHandler.java:38)
at com.sun.proxy.$Proxy11.click(Unknown Source)
at digital_Downloads.TC_008.shoppingcartButton(TC_008.java:20)
at java.util.ArrayList.forEach(ArrayList.java:1257)
... Removed 27 stack frames]]>
    </failure>
  </testcase> <!-- shoppingcartButton -->
  <testcase name="removingProductFromCart" time="0.001" classname="digital_Downloads.TC_009">
    <failure type="java.lang.NullPointerException">
      <![CDATA[java.lang.NullPointerException
at org.openqa.selenium.support.pagefactory.DefaultElementLocator.findElement(DefaultElementLocator.java:69)
at org.openqa.selenium.support.pagefactory.internal.LocatingElementHandler.invoke(LocatingElementHandler.java:38)
at com.sun.proxy.$Proxy11.click(Unknown Source)
at digital_Downloads.TC_009.removingProductFromCart(TC_009.java:19)
at java.util.ArrayList.forEach(ArrayList.java:1257)
... Removed 27 stack frames]]>
    </failure>
  </testcase> <!-- removingProductFromCart -->
  <testcase name="checkoutPage" time="0.001" classname="digital_Downloads.TC_010">
    <failure type="java.lang.NullPointerException">
      <![CDATA[java.lang.NullPointerException
at org.openqa.selenium.support.pagefactory.DefaultElementLocator.findElement(DefaultElementLocator.java:69)
at org.openqa.selenium.support.pagefactory.internal.LocatingElementHandler.invoke(LocatingElementHandler.java:38)
at com.sun.proxy.$Proxy11.click(Unknown Source)
at digital_Downloads.TC_010.checkoutPage(TC_010.java:19)
at java.util.ArrayList.forEach(ArrayList.java:1257)
... Removed 27 stack frames]]>
    </failure>
  </testcase> <!-- checkoutPage -->
  <testcase name="digitalDownloadCategory" time="0.001" classname="digital_Downloads.TC_001">
    <failure type="java.lang.NullPointerException">
      <![CDATA[java.lang.NullPointerException
at org.openqa.selenium.support.pagefactory.DefaultElementLocator.findElement(DefaultElementLocator.java:69)
at org.openqa.selenium.support.pagefactory.internal.LocatingElementHandler.invoke(LocatingElementHandler.java:38)
at com.sun.proxy.$Proxy11.click(Unknown Source)
at digital_Downloads.TC_001.digitalDownloadCategory(TC_001.java:17)
at java.util.ArrayList.forEach(ArrayList.java:1257)
... Removed 27 stack frames]]>
    </failure>
  </testcase> <!-- digitalDownloadCategory -->
  <testcase name="sortByDropDown" time="0.003" classname="digital_Downloads.TC_002">
    <failure type="java.lang.NullPointerException">
      <![CDATA[java.lang.NullPointerException
at org.openqa.selenium.support.pagefactory.DefaultElementLocator.findElement(DefaultElementLocator.java:69)
at org.openqa.selenium.support.pagefactory.internal.LocatingElementHandler.invoke(LocatingElementHandler.java:38)
at com.sun.proxy.$Proxy11.click(Unknown Source)
at digital_Downloads.TC_002.sortByDropDown(TC_002.java:17)
at java.util.ArrayList.forEach(ArrayList.java:1257)
... Removed 27 stack frames]]>
    </failure>
  </testcase> <!-- sortByDropDown -->
  <testcase name="displayDropDown" time="0.0" classname="digital_Downloads.TC_003">
    <failure type="java.lang.NullPointerException">
      <![CDATA[java.lang.NullPointerException
at org.openqa.selenium.support.pagefactory.DefaultElementLocator.findElement(DefaultElementLocator.java:69)
at org.openqa.selenium.support.pagefactory.internal.LocatingElementHandler.invoke(LocatingElementHandler.java:38)
at com.sun.proxy.$Proxy11.click(Unknown Source)
at digital_Downloads.TC_003.displayDropDown(TC_003.java:17)
at java.util.ArrayList.forEach(ArrayList.java:1257)
... Removed 27 stack frames]]>
    </failure>
  </testcase> <!-- displayDropDown -->
  <testcase name="@BeforeTest launchBrowser" time="0.0" classname="generic_Library.BaseUnit">
    <ignored/>
  </testcase> <!-- @BeforeTest launchBrowser -->
  <testcase name="@BeforeTest launchBrowser" time="0.0" classname="generic_Library.BaseUnit">
    <ignored/>
  </testcase> <!-- @BeforeTest launchBrowser -->
  <testcase name="@BeforeTest launchBrowser" time="0.0" classname="generic_Library.BaseUnit">
    <ignored/>
  </testcase> <!-- @BeforeTest launchBrowser -->
  <testcase name="@BeforeTest launchBrowser" time="0.0" classname="generic_Library.BaseUnit">
    <ignored/>
  </testcase> <!-- @BeforeTest launchBrowser -->
  <testcase name="@BeforeTest launchBrowser" time="0.0" classname="generic_Library.BaseUnit">
    <ignored/>
  </testcase> <!-- @BeforeTest launchBrowser -->
  <testcase name="@BeforeTest launchBrowser" time="0.0" classname="generic_Library.BaseUnit">
    <ignored/>
  </testcase> <!-- @BeforeTest launchBrowser -->
  <testcase name="@BeforeTest launchBrowser" time="0.0" classname="generic_Library.BaseUnit">
    <ignored/>
  </testcase> <!-- @BeforeTest launchBrowser -->
  <testcase name="@BeforeTest launchBrowser" time="0.0" classname="generic_Library.BaseUnit">
    <ignored/>
  </testcase> <!-- @BeforeTest launchBrowser -->
  <testcase name="@BeforeTest launchBrowser" time="0.0" classname="generic_Library.BaseUnit">
    <ignored/>
  </testcase> <!-- @BeforeTest launchBrowser -->
  <testcase name="@AfterTest logoutAndCloseTheBrowser" time="0.0" classname="generic_Library.BaseUnit">
    <ignored/>
  </testcase> <!-- @AfterTest logoutAndCloseTheBrowser -->
  <testcase name="@AfterTest logoutAndCloseTheBrowser" time="0.0" classname="generic_Library.BaseUnit">
    <ignored/>
  </testcase> <!-- @AfterTest logoutAndCloseTheBrowser -->
  <testcase name="@AfterTest logoutAndCloseTheBrowser" time="0.0" classname="generic_Library.BaseUnit">
    <ignored/>
  </testcase> <!-- @AfterTest logoutAndCloseTheBrowser -->
  <testcase name="@AfterTest logoutAndCloseTheBrowser" time="0.0" classname="generic_Library.BaseUnit">
    <ignored/>
  </testcase> <!-- @AfterTest logoutAndCloseTheBrowser -->
  <testcase name="@AfterTest logoutAndCloseTheBrowser" time="0.0" classname="generic_Library.BaseUnit">
    <ignored/>
  </testcase> <!-- @AfterTest logoutAndCloseTheBrowser -->
  <testcase name="@AfterTest logoutAndCloseTheBrowser" time="0.0" classname="generic_Library.BaseUnit">
    <ignored/>
  </testcase> <!-- @AfterTest logoutAndCloseTheBrowser -->
  <testcase name="@AfterTest logoutAndCloseTheBrowser" time="0.0" classname="generic_Library.BaseUnit">
    <ignored/>
  </testcase> <!-- @AfterTest logoutAndCloseTheBrowser -->
  <testcase name="@AfterTest logoutAndCloseTheBrowser" time="0.0" classname="generic_Library.BaseUnit">
    <ignored/>
  </testcase> <!-- @AfterTest logoutAndCloseTheBrowser -->
  <testcase name="@AfterTest logoutAndCloseTheBrowser" time="0.0" classname="generic_Library.BaseUnit">
    <ignored/>
  </testcase> <!-- @AfterTest logoutAndCloseTheBrowser -->
  <testcase name="@BeforeTest login" time="0.0" classname="generic_Library.BaseUnit">
    <ignored/>
  </testcase> <!-- @BeforeTest login -->
  <testcase name="@BeforeTest login" time="0.0" classname="generic_Library.BaseUnit">
    <ignored/>
  </testcase> <!-- @BeforeTest login -->
  <testcase name="@BeforeTest login" time="0.0" classname="generic_Library.BaseUnit">
    <ignored/>
  </testcase> <!-- @BeforeTest login -->
  <testcase name="@BeforeTest login" time="0.0" classname="generic_Library.BaseUnit">
    <ignored/>
  </testcase> <!-- @BeforeTest login -->
  <testcase name="@BeforeTest login" time="0.0" classname="generic_Library.BaseUnit">
    <ignored/>
  </testcase> <!-- @BeforeTest login -->
  <testcase name="@BeforeTest login" time="0.0" classname="generic_Library.BaseUnit">
    <ignored/>
  </testcase> <!-- @BeforeTest login -->
  <testcase name="@BeforeTest login" time="0.0" classname="generic_Library.BaseUnit">
    <ignored/>
  </testcase> <!-- @BeforeTest login -->
  <testcase name="@BeforeTest login" time="0.0" classname="generic_Library.BaseUnit">
    <ignored/>
  </testcase> <!-- @BeforeTest login -->
  <testcase name="@BeforeTest login" time="0.0" classname="generic_Library.BaseUnit">
    <ignored/>
  </testcase> <!-- @BeforeTest login -->
</testsuite> <!-- Test -->
